Arguments: 
  C:\Program Files\nodejs\node.exe C:\Users\Hyunseok\AppData\Roaming\npm\node_modules\yarn\bin\yarn.js add kakao-strategy

PATH: 
  C:\Program Files\Git\mingw64\bin;C:\Program Files\Git\usr\bin;C:\Users\Hyunseok\bin;C:\Program Files (x86)\Common Files\Oracle\Java\javapath;C:\WINDOWS\system32;C:\WINDOWS;C:\WINDOWS\System32\Wbem;C:\WINDOWS\System32\WindowsPowerShell\v1.0;C:\WINDOWS\System32\OpenSSH;C:\Program Files\Git\cmd;D:\MinGW\bin;D:\Java\jdk1.8.0_221\bin;D:\Graphviz2.38\bin;C:\Program Files\dotnet;C:\Program Files\nodejs;C:\Program Files\MySQL\MySQL Server 8.0\bin;C:\Users\Hyunseok\AppData\Local\Programs\Python\Python38\Scripts;C:\Users\Hyunseok\AppData\Local\Programs\Python\Python38;C:\Users\Hyunseok\AppData\Local\Microsoft\WindowsApps;C:\Users\Hyunseok\AppData\Local\Programs\Microsoft VS Code\bin;C:\Program Files\Bandizip;D:\MinGW\bin;C:\Users\Hyunseok\AppData\Roaming\npm

Yarn version: 
  1.22.10

Node version: 
  12.18.3

Platform: 
  win32 x64

Trace: 
  Error: https://registry.yarnpkg.com/kakao-strategy: Not found
      at Request.params.callback [as _callback] (C:\Users\Hyunseok\AppData\Roaming\npm\node_modules\yarn\lib\cli.js:66988:18)
      at Request.self.callback (C:\Users\Hyunseok\AppData\Roaming\npm\node_modules\yarn\lib\cli.js:140662:22)
      at Request.emit (events.js:315:20)
      at Request.<anonymous> (C:\Users\Hyunseok\AppData\Roaming\npm\node_modules\yarn\lib\cli.js:141634:10)
      at Request.emit (events.js:315:20)
      at IncomingMessage.<anonymous> (C:\Users\Hyunseok\AppData\Roaming\npm\node_modules\yarn\lib\cli.js:141556:12)
      at Object.onceWrapper (events.js:421:28)
      at IncomingMessage.emit (events.js:327:22)
      at endReadableNT (_stream_readable.js:1220:12)
      at processTicksAndRejections (internal/process/task_queues.js:84:21)

npm manifest: 
  {
    "name": "nodebird-api",
    "version": "1.0.0",
    "description": "",
    "main": "index.js",
    "scripts": {
      "test": "echo \"Error: no test specified\" && exit 1",
      "start": "nodemon app"
    },
    "author": "",
    "license": "MIT",
    "dependencies": {
      "bcrypt": "^5.0.1",
      "cookie-parser": "^1.4.5",
      "dotenv": "^8.2.0",
      "express": "^4.17.1",
      "express-session": "^1.17.1",
      "morgan": "^1.10.0",
      "mysql2": "^2.2.5",
      "nunjucks": "^3.2.3",
      "passport": "^0.4.1",
      "passport-local": "^1.0.0",
      "sequelize": "^6.5.1",
      "uuid": "^8.3.2"
    },
    "devDependencies": {
      "nodemon": "^2.0.7"
    }
  }

yarn manifest: 
  No manifest

Lockfile: 
  No lockfile
